# JRE version: OpenJDK Runtime Environment (8.0_131-b11) (build 1.8.0_131-8u131-b11-0ubuntu1.17.04.1-b11)
# Java VM: OpenJDK 64-Bit Server VM (25.131-b11 mixed mode linux-amd64 compressed oops)
Heap:
 PSYoungGen      total 70144K, used 6636K [0x00000000f6380000, 0x00000000faf80000, 0x0000000100000000)
  eden space 63488K, 0% used [0x00000000f6380000,0x00000000f6380000,0x00000000fa180000)
  from space 6656K, 99% used [0x00000000fa180000,0x00000000fa7fb048,0x00000000fa800000)
  to   space 5632K, 0% used [0x00000000fa800000,0x00000000fa800000,0x00000000fad80000)
 ParOldGen       total 20480K, used 12785K [0x00000000e2a00000, 0x00000000e3e00000, 0x00000000f6380000)
  object space 20480K, 62% used [0x00000000e2a00000,0x00000000e367c720,0x00000000e3e00000)
 Metaspace       used 20531K, capacity 21122K, committed 21296K, reserved 1069056K
  class space    used 2454K, capacity 2668K, committed 2688K, reserved 1048576K
GC Heap History (10 events):
Event: 4,757 GC heap after
Heap after GC invocations=4 (full 0):
 PSYoungGen      total 17408K, used 1008K [0x00000000f6380000, 0x00000000f7580000, 0x0000000100000000)
  eden space 16384K, 0% used [0x00000000f6380000,0x00000000f6380000,0x00000000f7380000)
  from space 1024K, 98% used [0x00000000f7480000,0x00000000f757c030,0x00000000f7580000)
  to   space 1024K, 0% used [0x00000000f7380000,0x00000000f7380000,0x00000000f7480000)
 ParOldGen       total 20480K, used 3342K [0x00000000e2a00000, 0x00000000e3e00000, 0x00000000f6380000)
  object space 20480K, 16% used [0x00000000e2a00000,0x00000000e2d43980,0x00000000e3e00000)
 Metaspace       used 7722K, capacity 7944K, committed 8192K, reserved 1056768K
  class space    used 931K, capacity 988K, committed 1024K, reserved 1048576K
}
Event: 5,896 GC heap before
{Heap before GC invocations=5 (full 0):
 PSYoungGen      total 17408K, used 17392K [0x00000000f6380000, 0x00000000f7580000, 0x0000000100000000)
  eden space 16384K, 100% used [0x00000000f6380000,0x00000000f7380000,0x00000000f7380000)
  from space 1024K, 98% used [0x00000000f7480000,0x00000000f757c030,0x00000000f7580000)
  to   space 1024K, 0% used [0x00000000f7380000,0x00000000f7380000,0x00000000f7480000)
 ParOldGen       total 20480K, used 3342K [0x00000000e2a00000, 0x00000000e3e00000, 0x00000000f6380000)
  object space 20480K, 16% used [0x00000000e2a00000,0x00000000e2d43980,0x00000000e3e00000)
 Metaspace       used 8737K, capacity 8916K, committed 9088K, reserved 1056768K
  class space    used 1057K, capacity 1118K, committed 1152K, reserved 1048576K
Event: 5,916 GC heap after
Heap after GC invocations=5 (full 0):
 PSYoungGen      total 17408K, used 1024K [0x00000000f6380000, 0x00000000f8980000, 0x0000000100000000)
  eden space 16384K, 0% used [0x00000000f6380000,0x00000000f6380000,0x00000000f7380000)
  from space 1024K, 100% used [0x00000000f7380000,0x00000000f7480000,0x00000000f7480000)
  to   space 3072K, 0% used [0x00000000f8680000,0x00000000f8680000,0x00000000f8980000)
 ParOldGen       total 20480K, used 5023K [0x00000000e2a00000, 0x00000000e3e00000, 0x00000000f6380000)
  object space 20480K, 24% used [0x00000000e2a00000,0x00000000e2ee7c10,0x00000000e3e00000)
 Metaspace       used 8737K, capacity 8916K, committed 9088K, reserved 1056768K
  class space    used 1057K, capacity 1118K, committed 1152K, reserved 1048576K
}
Event: 6,950 GC heap before
{Heap before GC invocations=6 (full 0):
 PSYoungGen      total 17408K, used 17408K [0x00000000f6380000, 0x00000000f8980000, 0x0000000100000000)
  eden space 16384K, 100% used [0x00000000f6380000,0x00000000f7380000,0x00000000f7380000)
  from space 1024K, 100% used [0x00000000f7380000,0x00000000f7480000,0x00000000f7480000)
  to   space 3072K, 0% used [0x00000000f8680000,0x00000000f8680000,0x00000000f8980000)
 ParOldGen       total 20480K, used 5023K [0x00000000e2a00000, 0x00000000e3e00000, 0x00000000f6380000)
  object space 20480K, 24% used [0x00000000e2a00000,0x00000000e2ee7c10,0x00000000e3e00000)
 Metaspace       used 10596K, capacity 10794K, committed 10880K, reserved 1058816K
  class space    used 1298K, capacity 1383K, committed 1408K, reserved 1048576K
Event: 6,972 GC heap after
Heap after GC invocations=6 (full 0):
 PSYoungGen      total 35328K, used 3047K [0x00000000f6380000, 0x00000000f8a80000, 0x0000000100000000)
  eden space 32256K, 0% used [0x00000000f6380000,0x00000000f6380000,0x00000000f8300000)
  from space 3072K, 99% used [0x00000000f8680000,0x00000000f8979d40,0x00000000f8980000)
  to   space 3584K, 0% used [0x00000000f8300000,0x00000000f8300000,0x00000000f8680000)
 ParOldGen       total 20480K, used 5389K [0x00000000e2a00000, 0x00000000e3e00000, 0x00000000f6380000)
  object space 20480K, 26% used [0x00000000e2a00000,0x00000000e2f43408,0x00000000e3e00000)
 Metaspace       used 10596K, capacity 10794K, committed 10880K, reserved 1058816K
  class space    used 1298K, capacity 1383K, committed 1408K, reserved 1048576K
}
Event: 11,616 GC heap before
{Heap before GC invocations=7 (full 0):
 PSYoungGen      total 35328K, used 35303K [0x00000000f6380000, 0x00000000f8a80000, 0x0000000100000000)
  eden space 32256K, 100% used [0x00000000f6380000,0x00000000f8300000,0x00000000f8300000)
  from space 3072K, 99% used [0x00000000f8680000,0x00000000f8979d40,0x00000000f8980000)
  to   space 3584K, 0% used [0x00000000f8300000,0x00000000f8300000,0x00000000f8680000)
 ParOldGen       total 20480K, used 5389K [0x00000000e2a00000, 0x00000000e3e00000, 0x00000000f6380000)
  object space 20480K, 26% used [0x00000000e2a00000,0x00000000e2f43408,0x00000000e3e00000)
 Metaspace       used 14421K, capacity 14678K, committed 14976K, reserved 1062912K
  class space    used 1735K, capacity 1811K, committed 1920K, reserved 1048576K
Event: 11,658 GC heap after
Heap after GC invocations=7 (full 0):
 PSYoungGen      total 35840K, used 3578K [0x00000000f6380000, 0x00000000fad80000, 0x0000000100000000)
  eden space 32256K, 0% used [0x00000000f6380000,0x00000000f6380000,0x00000000f8300000)
  from space 3584K, 99% used [0x00000000f8300000,0x00000000f867ea18,0x00000000f8680000)
  to   space 5632K, 0% used [0x00000000fa800000,0x00000000fa800000,0x00000000fad80000)
 ParOldGen       total 20480K, used 7900K [0x00000000e2a00000, 0x00000000e3e00000, 0x00000000f6380000)
  object space 20480K, 38% used [0x00000000e2a00000,0x00000000e31b70d8,0x00000000e3e00000)
 Metaspace       used 14421K, capacity 14678K, committed 14976K, reserved 1062912K
  class space    used 1735K, capacity 1811K, committed 1920K, reserved 1048576K
}
Event: 14,546 GC heap before
{Heap before GC invocations=8 (full 0):
 PSYoungGen      total 35840K, used 35834K [0x00000000f6380000, 0x00000000fad80000, 0x0000000100000000)
  eden space 32256K, 100% used [0x00000000f6380000,0x00000000f8300000,0x00000000f8300000)
  from space 3584K, 99% used [0x00000000f8300000,0x00000000f867ea18,0x00000000f8680000)
  to   space 5632K, 0% used [0x00000000fa800000,0x00000000fa800000,0x00000000fad80000)
 ParOldGen       total 20480K, used 7900K [0x00000000e2a00000, 0x00000000e3e00000, 0x00000000f6380000)
  object space 20480K, 38% used [0x00000000e2a00000,0x00000000e31b70d8,0x00000000e3e00000)
 Metaspace       used 14928K, capacity 15188K, committed 15488K, reserved 1062912K
  class space    used 1774K, capacity 1848K, committed 1920K, reserved 1048576K
Event: 14,598 GC heap after
Heap after GC invocations=8 (full 0):
 PSYoungGen      total 69120K, used 5632K [0x00000000f6380000, 0x00000000faf80000, 0x0000000100000000)
  eden space 63488K, 0% used [0x00000000f6380000,0x00000000f6380000,0x00000000fa180000)
  from space 5632K, 100% used [0x00000000fa800000,0x00000000fad80000,0x00000000fad80000)
  to   space 6656K, 0% used [0x00000000fa180000,0x00000000fa180000,0x00000000fa800000)
 ParOldGen       total 20480K, used 8725K [0x00000000e2a00000, 0x00000000e3e00000, 0x00000000f6380000)
  object space 20480K, 42% used [0x00000000e2a00000,0x00000000e3285600,0x00000000e3e00000)
 Metaspace       used 14928K, capacity 15188K, committed 15488K, reserved 1062912K
  class space    used 1774K, capacity 1848K, committed 1920K, reserved 1048576K
}
Event: 34,835 GC heap before
{Heap before GC invocations=9 (full 0):
 PSYoungGen      total 69120K, used 38076K [0x00000000f6380000, 0x00000000faf80000, 0x0000000100000000)
  eden space 63488K, 51% used [0x00000000f6380000,0x00000000f832f1d0,0x00000000fa180000)
  from space 5632K, 100% used [0x00000000fa800000,0x00000000fad80000,0x00000000fad80000)
  to   space 6656K, 0% used [0x00000000fa180000,0x00000000fa180000,0x00000000fa800000)
 ParOldGen       total 20480K, used 8725K [0x00000000e2a00000, 0x00000000e3e00000, 0x00000000f6380000)
  object space 20480K, 42% used [0x00000000e2a00000,0x00000000e3285600,0x00000000e3e00000)
 Metaspace       used 20531K, capacity 21122K, committed 21296K, reserved 1069056K
  class space    used 2454K, capacity 2668K, committed 2688K, reserved 1048576K

